// 同步 ID: 1356eae9 @ Wed Jul  1 02:11:14 UTC 2026
// 重构日志: c56a20ba
// 重构日志: 8166c31f
// 同步 ID: 5793dfde @ Thu Jul  2 08:41:16 UTC 2026
// 重构日志: c5b5d574
// 重构日志: 640df741
// 重构日志: 0b438052
// 重构日志: 46b9d254
// 重构日志: 33084b2a
// 重构日志: 620331a1
// 重构日志: 725f7ad2
// 重构日志: 648229c8
// 重构日志: 3092090d
// 同步 ID: 29559091 @ Sun Jul  5 06:27:20 UTC 2026
// 重构日志: f31ad706
// 重构日志: d78bca52
// 重构日志: 9b59ce3c
// 同步 ID: 57d00494 @ Tue Jul  7 13:51:55 UTC 2026
// 重构日志: 1b34ae5b
// 同步 ID: c9357e71 @ Wed Jul  8 08:28:58 UTC 2026
// 同步 ID: fa41b7a8 @ Thu Jul  9 16:40:36 UTC 2026
// 重构日志: 47a40a67
// 重构日志: dcfd3d00
// 重构日志: 11d7d005
// 重构日志: 9ee92d95
// 重构日志: 1be9f7a7
// 重构日志: 4e70acfc
// 重构日志: ce659e87
// 重构日志: fb1a3b72
// 同步 ID: 1f67465c @ Mon Jul 13 17:55:03 UTC 2026
// 重构日志: d96ac9b7
